2019-02-16 21:57:21,410 [INFO] from play.api.http.EnabledFilters in play-dev-mode-akka.actor.default-dispatcher-3 - Enabled Filters (see <https://www.playframework.com/documentation/latest/Filters>):

    play.filters.csrf.CSRFFilter
    play.filters.headers.SecurityHeadersFilter
    play.filters.hosts.AllowedHostsFilter

2019-02-16 21:57:21,457 [INFO] from play.api.Play in play-dev-mode-akka.actor.default-dispatcher-3 - Application started (Dev) (no global state)
2019-02-16 21:57:21,728 [INFO] from play.core.server.AkkaHttpServer in play-dev-mode-shutdown-hook-1 - Stopping server...
2019-02-16 21:57:21,729 [ERROR] from akka.actor.ActorSystemImpl in application-akka.actor.default-dispatcher-5 - Uncaught error from thread [application-akka.actor.default-dispatcher-2]: com.google.ortools.algorithms.operations_research_algorithmsJNI.KnapsackSolver_KNAPSACK_BRUTE_FORCE_SOLVER_get()I, shutting down JVM since 'akka.jvm-exit-on-fatal-error' is enabled for ActorSystem[application]
java.lang.UnsatisfiedLinkError: com.google.ortools.algorithms.operations_research_algorithmsJNI.KnapsackSolver_KNAPSACK_BRUTE_FORCE_SOLVER_get()I
	at com.google.ortools.algorithms.operations_research_algorithmsJNI.KnapsackSolver_KNAPSACK_BRUTE_FORCE_SOLVER_get(Native Method)
	at com.google.ortools.algorithms.KnapsackSolver$SolverType.<clinit>(KnapsackSolver.java:59)
	at solvers.Knapsack.solve(Knapsack.java:32)
	at controllers.knapsack.TaskController.createTask(TaskController.java:24)
	at router.Routes$$anonfun$routes$1.$anonfun$applyOrElse$3(Routes.scala:139)
	at play.core.routing.HandlerInvokerFactory$$anon$8.resultCall(HandlerInvoker.scala:141)
	at play.core.routing.HandlerInvokerFactory$$anon$8.resultCall(HandlerInvoker.scala:140)
	at play.core.routing.HandlerInvokerFactory$JavaActionInvokerFactory$$anon$3$$anon$4$$anon$5.invocation(HandlerInvoker.scala:109)
	at play.core.j.JavaAction$$anon$1.call(JavaAction.scala:90)
	at play.mvc.Action.lambda$call$0(Action.java:84)
	at java.util.Optional.map(Optional.java:215)
	at play.mvc.Action.call(Action.java:79)
	at play.http.DefaultActionCreator$1.call(DefaultActionCreator.java:32)
	at play.core.j.JavaAction.$anonfun$apply$8(JavaAction.scala:140)
	at scala.concurrent.Future$.$anonfun$apply$1(Future.scala:658)
	at scala.util.Success.$anonfun$map$1(Try.scala:255)
	at scala.util.Success.map(Try.scala:213)
	at scala.concurrent.Future.$anonfun$map$1(Future.scala:292)
	at scala.concurrent.impl.Promise.liftedTree1$1(Promise.scala:33)
	at scala.concurrent.impl.Promise.$anonfun$transform$1(Promise.scala:33)
	at scala.concurrent.impl.CallbackRunnable.run(Promise.scala:64)
	at play.core.j.HttpExecutionContext$$anon$2.run(HttpExecutionContext.scala:67)
	at play.api.libs.streams.Execution$trampoline$.execute(Execution.scala:71)
	at play.core.j.HttpExecutionContext.execute(HttpExecutionContext.scala:59)
	at scala.concurrent.impl.CallbackRunnable.executeWithValue(Promise.scala:72)
	at scala.concurrent.impl.Promise$KeptPromise$Kept.onComplete(Promise.scala:372)
	at scala.concurrent.impl.Promise$KeptPromise$Kept.onComplete$(Promise.scala:371)
	at scala.concurrent.impl.Promise$KeptPromise$Successful.onComplete(Promise.scala:379)
	at scala.concurrent.impl.Promise.transform(Promise.scala:33)
	at scala.concurrent.impl.Promise.transform$(Promise.scala:31)
	at scala.concurrent.impl.Promise$KeptPromise$Successful.transform(Promise.scala:379)
	at scala.concurrent.Future.map(Future.scala:292)
	at scala.concurrent.Future.map$(Future.scala:292)
	at scala.concurrent.impl.Promise$KeptPromise$Successful.map(Promise.scala:379)
	at scala.concurrent.Future$.apply(Future.scala:658)
	at play.core.j.JavaAction.apply(JavaAction.scala:140)
	at play.api.mvc.Action.$anonfun$apply$2(Action.scala:97)
	at scala.concurrent.Future.$anonfun$flatMap$1(Future.scala:307)
	at scala.concurrent.impl.Promise.$anonfun$transformWith$1(Promise.scala:41)
	at scala.concurrent.impl.CallbackRunnable.run(Promise.scala:64)
	at akka.dispatch.BatchingExecutor$AbstractBatch.processBatch(BatchingExecutor.scala:55)
	at akka.dispatch.BatchingExecutor$BlockableBatch.$anonfun$run$1(BatchingExecutor.scala:91)
	at scala.runtime.java8.JFunction0$mcV$sp.apply(JFunction0$mcV$sp.java:23)
	at scala.concurrent.BlockContext$.withBlockContext(BlockContext.scala:85)
	at akka.dispatch.BatchingExecutor$BlockableBatch.run(BatchingExecutor.scala:91)
	at akka.dispatch.TaskInvocation.run(AbstractDispatcher.scala:40)
	at akka.dispatch.ForkJoinExecutorConfigurator$AkkaForkJoinTask.exec(ForkJoinExecutorConfigurator.scala:44)
	at akka.dispatch.forkjoin.ForkJoinTask.doExec(ForkJoinTask.java:260)
	at akka.dispatch.forkjoin.ForkJoinPool$WorkQueue.runTask(ForkJoinPool.java:1339)
	at akka.dispatch.forkjoin.ForkJoinPool.runWorker(ForkJoinPool.java:1979)
	at akka.dispatch.forkjoin.ForkJoinWorkerThread.run(ForkJoinWorkerThread.java:107)
